66603 - [2024-08-25 22:39:49,341] : DEBUG -> Experiment script executed
66603 - [2024-08-25 22:39:49,341] : DEBUG -> Running the programs with each input 6 times
66603 - [2024-08-25 22:39:49,341] : DEBUG -> ======================================INPUT: 500==========================================
66603 - [2024-08-25 22:39:49,341] : DEBUG -> XXXXXXXXXXXXXXXXXXXXXXXXXXXXX<<< Original Algorithm >>>XXXXXXXXXXXXXXXXXXXXXXXXXXXXXX
66603 - [2024-08-25 22:39:49,341] : DEBUG -> Running input: 500 - Time 1 - Original Algorithm
66603 - [2024-08-25 22:39:49,341] : DEBUG -> ------------------------------------1°-----------------------------------------
66603 - [2024-08-25 22:39:49,407] : DEBUG -> Execution time for input 500 (run 1): 0.065281 seconds
66603 - [2024-08-25 22:39:49,407] : DEBUG -> Counter for input 500 (run 1): 41666000
66603 - [2024-08-25 22:39:49,407] : DEBUG -> ------------------------------------------------------------------------------------

66603 - [2024-08-25 22:39:49,407] : DEBUG -> ------------------------------------2°-----------------------------------------
66603 - [2024-08-25 22:39:49,474] : DEBUG -> Execution time for input 500 (run 2): 0.065632 seconds
66603 - [2024-08-25 22:39:49,474] : DEBUG -> Counter for input 500 (run 2): 41666000
66603 - [2024-08-25 22:39:49,474] : DEBUG -> ------------------------------------------------------------------------------------

66603 - [2024-08-25 22:39:49,474] : DEBUG -> ------------------------------------3°-----------------------------------------
66603 - [2024-08-25 22:39:49,540] : DEBUG -> Execution time for input 500 (run 3): 0.065464 seconds
66603 - [2024-08-25 22:39:49,540] : DEBUG -> Counter for input 500 (run 3): 41666000
66603 - [2024-08-25 22:39:49,540] : DEBUG -> ------------------------------------------------------------------------------------

66603 - [2024-08-25 22:39:49,540] : DEBUG -> ------------------------------------4°-----------------------------------------
66603 - [2024-08-25 22:39:49,606] : DEBUG -> Execution time for input 500 (run 4): 0.065415 seconds
66603 - [2024-08-25 22:39:49,606] : DEBUG -> Counter for input 500 (run 4): 41666000
66603 - [2024-08-25 22:39:49,606] : DEBUG -> ------------------------------------------------------------------------------------

66603 - [2024-08-25 22:39:49,606] : DEBUG -> ------------------------------------5°-----------------------------------------
66603 - [2024-08-25 22:39:49,672] : DEBUG -> Execution time for input 500 (run 5): 0.065349 seconds
66603 - [2024-08-25 22:39:49,672] : DEBUG -> Counter for input 500 (run 5): 41666000
66603 - [2024-08-25 22:39:49,672] : DEBUG -> ------------------------------------------------------------------------------------

66603 - [2024-08-25 22:39:49,672] : DEBUG -> ------------------------------------6°-----------------------------------------
66603 - [2024-08-25 22:39:49,739] : DEBUG -> Execution time for input 500 (run 6): 0.065767 seconds
66603 - [2024-08-25 22:39:49,739] : DEBUG -> Counter for input 500 (run 6): 41666000
66603 - [2024-08-25 22:39:49,739] : DEBUG -> ------------------------------------------------------------------------------------

66603 - [2024-08-25 22:39:49,739] : DEBUG -> XXXXXXXXXXXXXXXXXXXXXXXXXXXXX<<< Optimized Algorithm >>>XXXXXXXXXXXXXXXXXXXXXXXXXXXXXX
66603 - [2024-08-25 22:39:49,739] : DEBUG -> Running input: 500 - Time 1 - Optimized Algorithm
66603 - [2024-08-25 22:39:49,739] : DEBUG -> ------------------------------------1°-----------------------------------------
66603 - [2024-08-25 22:39:49,740] : DEBUG -> Execution time for input 500 (run 1): 0.000254 seconds
66603 - [2024-08-25 22:39:49,740] : DEBUG -> Counter for input 500 (run 1): 41666000
66603 - [2024-08-25 22:39:49,740] : DEBUG -> ------------------------------------------------------------------------------------

66603 - [2024-08-25 22:39:49,740] : DEBUG -> ------------------------------------2°-----------------------------------------
66603 - [2024-08-25 22:39:49,741] : DEBUG -> Execution time for input 500 (run 2): 0.000246 seconds
66603 - [2024-08-25 22:39:49,741] : DEBUG -> Counter for input 500 (run 2): 41666000
66603 - [2024-08-25 22:39:49,741] : DEBUG -> ------------------------------------------------------------------------------------

66603 - [2024-08-25 22:39:49,741] : DEBUG -> ------------------------------------3°-----------------------------------------
66603 - [2024-08-25 22:39:49,742] : DEBUG -> Execution time for input 500 (run 3): 0.000247 seconds
66603 - [2024-08-25 22:39:49,742] : DEBUG -> Counter for input 500 (run 3): 41666000
66603 - [2024-08-25 22:39:49,742] : DEBUG -> ------------------------------------------------------------------------------------

66603 - [2024-08-25 22:39:49,742] : DEBUG -> ------------------------------------4°-----------------------------------------
66603 - [2024-08-25 22:39:49,742] : DEBUG -> Execution time for input 500 (run 4): 0.000273 seconds
66603 - [2024-08-25 22:39:49,742] : DEBUG -> Counter for input 500 (run 4): 41666000
66603 - [2024-08-25 22:39:49,742] : DEBUG -> ------------------------------------------------------------------------------------

66603 - [2024-08-25 22:39:49,742] : DEBUG -> ------------------------------------5°-----------------------------------------
66603 - [2024-08-25 22:39:49,743] : DEBUG -> Execution time for input 500 (run 5): 0.00025 seconds
66603 - [2024-08-25 22:39:49,743] : DEBUG -> Counter for input 500 (run 5): 41666000
66603 - [2024-08-25 22:39:49,743] : DEBUG -> ------------------------------------------------------------------------------------

66603 - [2024-08-25 22:39:49,743] : DEBUG -> ------------------------------------6°-----------------------------------------
66603 - [2024-08-25 22:39:49,744] : DEBUG -> Execution time for input 500 (run 6): 0.000266 seconds
66603 - [2024-08-25 22:39:49,744] : DEBUG -> Counter for input 500 (run 6): 41666000
66603 - [2024-08-25 22:39:49,744] : DEBUG -> ------------------------------------------------------------------------------------

66603 - [2024-08-25 22:39:49,744] : DEBUG -> ======================================INPUT: 1000==========================================
66603 - [2024-08-25 22:39:49,744] : DEBUG -> XXXXXXXXXXXXXXXXXXXXXXXXXXXXX<<< Original Algorithm >>>XXXXXXXXXXXXXXXXXXXXXXXXXXXXXX
66603 - [2024-08-25 22:39:49,744] : DEBUG -> Running input: 1000 - Time 1 - Original Algorithm
66603 - [2024-08-25 22:39:49,744] : DEBUG -> ------------------------------------1°-----------------------------------------
66603 - [2024-08-25 22:39:50,267] : DEBUG -> Execution time for input 1000 (run 1): 0.521778 seconds
66603 - [2024-08-25 22:39:50,267] : DEBUG -> Counter for input 1000 (run 1): 333332000
66603 - [2024-08-25 22:39:50,267] : DEBUG -> ------------------------------------------------------------------------------------

66603 - [2024-08-25 22:39:50,267] : DEBUG -> ------------------------------------2°-----------------------------------------
66603 - [2024-08-25 22:39:50,786] : DEBUG -> Execution time for input 1000 (run 2): 0.518096 seconds
66603 - [2024-08-25 22:39:50,786] : DEBUG -> Counter for input 1000 (run 2): 333332000
66603 - [2024-08-25 22:39:50,786] : DEBUG -> ------------------------------------------------------------------------------------

66603 - [2024-08-25 22:39:50,786] : DEBUG -> ------------------------------------3°-----------------------------------------
66603 - [2024-08-25 22:39:51,306] : DEBUG -> Execution time for input 1000 (run 3): 0.519286 seconds
66603 - [2024-08-25 22:39:51,306] : DEBUG -> Counter for input 1000 (run 3): 333332000
66603 - [2024-08-25 22:39:51,306] : DEBUG -> ------------------------------------------------------------------------------------

66603 - [2024-08-25 22:39:51,306] : DEBUG -> ------------------------------------4°-----------------------------------------
66603 - [2024-08-25 22:39:51,825] : DEBUG -> Execution time for input 1000 (run 4): 0.51821 seconds
66603 - [2024-08-25 22:39:51,825] : DEBUG -> Counter for input 1000 (run 4): 333332000
66603 - [2024-08-25 22:39:51,825] : DEBUG -> ------------------------------------------------------------------------------------

66603 - [2024-08-25 22:39:51,825] : DEBUG -> ------------------------------------5°-----------------------------------------
66603 - [2024-08-25 22:39:52,344] : DEBUG -> Execution time for input 1000 (run 5): 0.518624 seconds
66603 - [2024-08-25 22:39:52,345] : DEBUG -> Counter for input 1000 (run 5): 333332000
66603 - [2024-08-25 22:39:52,345] : DEBUG -> ------------------------------------------------------------------------------------

66603 - [2024-08-25 22:39:52,345] : DEBUG -> ------------------------------------6°-----------------------------------------
66603 - [2024-08-25 22:39:52,865] : DEBUG -> Execution time for input 1000 (run 6): 0.520021 seconds
66603 - [2024-08-25 22:39:52,865] : DEBUG -> Counter for input 1000 (run 6): 333332000
66603 - [2024-08-25 22:39:52,866] : DEBUG -> ------------------------------------------------------------------------------------

66603 - [2024-08-25 22:39:52,866] : DEBUG -> XXXXXXXXXXXXXXXXXXXXXXXXXXXXX<<< Optimized Algorithm >>>XXXXXXXXXXXXXXXXXXXXXXXXXXXXXX
66603 - [2024-08-25 22:39:52,866] : DEBUG -> Running input: 1000 - Time 1 - Optimized Algorithm
66603 - [2024-08-25 22:39:52,866] : DEBUG -> ------------------------------------1°-----------------------------------------
66603 - [2024-08-25 22:39:52,867] : DEBUG -> Execution time for input 1000 (run 1): 0.00098 seconds
66603 - [2024-08-25 22:39:52,867] : DEBUG -> Counter for input 1000 (run 1): 333332000
66603 - [2024-08-25 22:39:52,867] : DEBUG -> ------------------------------------------------------------------------------------

66603 - [2024-08-25 22:39:52,867] : DEBUG -> ------------------------------------2°-----------------------------------------
66603 - [2024-08-25 22:39:52,869] : DEBUG -> Execution time for input 1000 (run 2): 0.000946 seconds
66603 - [2024-08-25 22:39:52,869] : DEBUG -> Counter for input 1000 (run 2): 333332000
66603 - [2024-08-25 22:39:52,869] : DEBUG -> ------------------------------------------------------------------------------------

66603 - [2024-08-25 22:39:52,869] : DEBUG -> ------------------------------------3°-----------------------------------------
66603 - [2024-08-25 22:39:52,870] : DEBUG -> Execution time for input 1000 (run 3): 0.000948 seconds
66603 - [2024-08-25 22:39:52,870] : DEBUG -> Counter for input 1000 (run 3): 333332000
66603 - [2024-08-25 22:39:52,870] : DEBUG -> ------------------------------------------------------------------------------------

66603 - [2024-08-25 22:39:52,871] : DEBUG -> ------------------------------------4°-----------------------------------------
66603 - [2024-08-25 22:39:52,872] : DEBUG -> Execution time for input 1000 (run 4): 0.00095 seconds
66603 - [2024-08-25 22:39:52,872] : DEBUG -> Counter for input 1000 (run 4): 333332000
66603 - [2024-08-25 22:39:52,872] : DEBUG -> ------------------------------------------------------------------------------------

66603 - [2024-08-25 22:39:52,872] : DEBUG -> ------------------------------------5°-----------------------------------------
66603 - [2024-08-25 22:39:52,873] : DEBUG -> Execution time for input 1000 (run 5): 0.000948 seconds
66603 - [2024-08-25 22:39:52,874] : DEBUG -> Counter for input 1000 (run 5): 333332000
66603 - [2024-08-25 22:39:52,874] : DEBUG -> ------------------------------------------------------------------------------------

66603 - [2024-08-25 22:39:52,874] : DEBUG -> ------------------------------------6°-----------------------------------------
66603 - [2024-08-25 22:39:52,875] : DEBUG -> Execution time for input 1000 (run 6): 0.000964 seconds
66603 - [2024-08-25 22:39:52,875] : DEBUG -> Counter for input 1000 (run 6): 333332000
66603 - [2024-08-25 22:39:52,875] : DEBUG -> ------------------------------------------------------------------------------------

66603 - [2024-08-25 22:39:52,875] : DEBUG -> ======================================INPUT: 2000==========================================
66603 - [2024-08-25 22:39:52,875] : DEBUG -> XXXXXXXXXXXXXXXXXXXXXXXXXXXXX<<< Original Algorithm >>>XXXXXXXXXXXXXXXXXXXXXXXXXXXXXX
66603 - [2024-08-25 22:39:52,875] : DEBUG -> Running input: 2000 - Time 1 - Original Algorithm
66603 - [2024-08-25 22:39:52,875] : DEBUG -> ------------------------------------1°-----------------------------------------
66603 - [2024-08-25 22:39:57,009] : DEBUG -> Execution time for input 2000 (run 1): 4.132757 seconds
66603 - [2024-08-25 22:39:57,009] : DEBUG -> Counter for input 2000 (run 1): 2666664000
66603 - [2024-08-25 22:39:57,009] : DEBUG -> ------------------------------------------------------------------------------------

66603 - [2024-08-25 22:39:57,009] : DEBUG -> ------------------------------------2°-----------------------------------------
66603 - [2024-08-25 22:40:01,138] : DEBUG -> Execution time for input 2000 (run 2): 4.129031 seconds
66603 - [2024-08-25 22:40:01,139] : DEBUG -> Counter for input 2000 (run 2): 2666664000
66603 - [2024-08-25 22:40:01,139] : DEBUG -> ------------------------------------------------------------------------------------

66603 - [2024-08-25 22:40:01,139] : DEBUG -> ------------------------------------3°-----------------------------------------
66603 - [2024-08-25 22:40:05,275] : DEBUG -> Execution time for input 2000 (run 3): 4.1351 seconds
66603 - [2024-08-25 22:40:05,275] : DEBUG -> Counter for input 2000 (run 3): 2666664000
66603 - [2024-08-25 22:40:05,275] : DEBUG -> ------------------------------------------------------------------------------------

66603 - [2024-08-25 22:40:05,275] : DEBUG -> ------------------------------------4°-----------------------------------------
66603 - [2024-08-25 22:40:09,405] : DEBUG -> Execution time for input 2000 (run 4): 4.129475 seconds
66603 - [2024-08-25 22:40:09,405] : DEBUG -> Counter for input 2000 (run 4): 2666664000
66603 - [2024-08-25 22:40:09,405] : DEBUG -> ------------------------------------------------------------------------------------

66603 - [2024-08-25 22:40:09,405] : DEBUG -> ------------------------------------5°-----------------------------------------
66603 - [2024-08-25 22:40:13,534] : DEBUG -> Execution time for input 2000 (run 5): 4.127871 seconds
66603 - [2024-08-25 22:40:13,534] : DEBUG -> Counter for input 2000 (run 5): 2666664000
66603 - [2024-08-25 22:40:13,534] : DEBUG -> ------------------------------------------------------------------------------------

66603 - [2024-08-25 22:40:13,534] : DEBUG -> ------------------------------------6°-----------------------------------------
66603 - [2024-08-25 22:40:17,689] : DEBUG -> Execution time for input 2000 (run 6): 4.153916 seconds
66603 - [2024-08-25 22:40:17,689] : DEBUG -> Counter for input 2000 (run 6): 2666664000
66603 - [2024-08-25 22:40:17,689] : DEBUG -> ------------------------------------------------------------------------------------

66603 - [2024-08-25 22:40:17,689] : DEBUG -> XXXXXXXXXXXXXXXXXXXXXXXXXXXXX<<< Optimized Algorithm >>>XXXXXXXXXXXXXXXXXXXXXXXXXXXXXX
66603 - [2024-08-25 22:40:17,689] : DEBUG -> Running input: 2000 - Time 1 - Optimized Algorithm
66603 - [2024-08-25 22:40:17,690] : DEBUG -> ------------------------------------1°-----------------------------------------
66603 - [2024-08-25 22:40:17,694] : DEBUG -> Execution time for input 2000 (run 1): 0.003776 seconds
66603 - [2024-08-25 22:40:17,694] : DEBUG -> Counter for input 2000 (run 1): 2666664000
66603 - [2024-08-25 22:40:17,694] : DEBUG -> ------------------------------------------------------------------------------------

66603 - [2024-08-25 22:40:17,694] : DEBUG -> ------------------------------------2°-----------------------------------------
66603 - [2024-08-25 22:40:17,699] : DEBUG -> Execution time for input 2000 (run 2): 0.003755 seconds
66603 - [2024-08-25 22:40:17,699] : DEBUG -> Counter for input 2000 (run 2): 2666664000
66603 - [2024-08-25 22:40:17,699] : DEBUG -> ------------------------------------------------------------------------------------

66603 - [2024-08-25 22:40:17,699] : DEBUG -> ------------------------------------3°-----------------------------------------
66603 - [2024-08-25 22:40:17,703] : DEBUG -> Execution time for input 2000 (run 3): 0.003801 seconds
66603 - [2024-08-25 22:40:17,703] : DEBUG -> Counter for input 2000 (run 3): 2666664000
66603 - [2024-08-25 22:40:17,703] : DEBUG -> ------------------------------------------------------------------------------------

66603 - [2024-08-25 22:40:17,703] : DEBUG -> ------------------------------------4°-----------------------------------------
66603 - [2024-08-25 22:40:17,707] : DEBUG -> Execution time for input 2000 (run 4): 0.003759 seconds
66603 - [2024-08-25 22:40:17,707] : DEBUG -> Counter for input 2000 (run 4): 2666664000
66603 - [2024-08-25 22:40:17,707] : DEBUG -> ------------------------------------------------------------------------------------

66603 - [2024-08-25 22:40:17,708] : DEBUG -> ------------------------------------5°-----------------------------------------
66603 - [2024-08-25 22:40:17,712] : DEBUG -> Execution time for input 2000 (run 5): 0.003754 seconds
66603 - [2024-08-25 22:40:17,712] : DEBUG -> Counter for input 2000 (run 5): 2666664000
66603 - [2024-08-25 22:40:17,712] : DEBUG -> ------------------------------------------------------------------------------------

66603 - [2024-08-25 22:40:17,712] : DEBUG -> ------------------------------------6°-----------------------------------------
66603 - [2024-08-25 22:40:17,716] : DEBUG -> Execution time for input 2000 (run 6): 0.003757 seconds
66603 - [2024-08-25 22:40:17,716] : DEBUG -> Counter for input 2000 (run 6): 2666664000
66603 - [2024-08-25 22:40:17,716] : DEBUG -> ------------------------------------------------------------------------------------

66603 - [2024-08-25 22:40:17,716] : DEBUG -> ======================================INPUT: 2500==========================================
66603 - [2024-08-25 22:40:17,716] : DEBUG -> XXXXXXXXXXXXXXXXXXXXXXXXXXXXX<<< Original Algorithm >>>XXXXXXXXXXXXXXXXXXXXXXXXXXXXXX
66603 - [2024-08-25 22:40:17,716] : DEBUG -> Running input: 2500 - Time 1 - Original Algorithm
66603 - [2024-08-25 22:40:17,716] : DEBUG -> ------------------------------------1°-----------------------------------------
66603 - [2024-08-25 22:40:25,777] : DEBUG -> Execution time for input 2500 (run 1): 8.059737 seconds
66603 - [2024-08-25 22:40:25,777] : DEBUG -> Counter for input 2500 (run 1): 5208330000
66603 - [2024-08-25 22:40:25,777] : DEBUG -> ------------------------------------------------------------------------------------

66603 - [2024-08-25 22:40:25,777] : DEBUG -> ------------------------------------2°-----------------------------------------
66603 - [2024-08-25 22:40:33,846] : DEBUG -> Execution time for input 2500 (run 2): 8.068162 seconds
66603 - [2024-08-25 22:40:33,846] : DEBUG -> Counter for input 2500 (run 2): 5208330000
66603 - [2024-08-25 22:40:33,846] : DEBUG -> ------------------------------------------------------------------------------------

66603 - [2024-08-25 22:40:33,846] : DEBUG -> ------------------------------------3°-----------------------------------------
66603 - [2024-08-25 22:40:41,915] : DEBUG -> Execution time for input 2500 (run 3): 8.068184 seconds
66603 - [2024-08-25 22:40:41,915] : DEBUG -> Counter for input 2500 (run 3): 5208330000
66603 - [2024-08-25 22:40:41,915] : DEBUG -> ------------------------------------------------------------------------------------

66603 - [2024-08-25 22:40:41,915] : DEBUG -> ------------------------------------4°-----------------------------------------
66603 - [2024-08-25 22:40:49,971] : DEBUG -> Execution time for input 2500 (run 4): 8.055154 seconds
66603 - [2024-08-25 22:40:49,971] : DEBUG -> Counter for input 2500 (run 4): 5208330000
66603 - [2024-08-25 22:40:49,971] : DEBUG -> ------------------------------------------------------------------------------------

66603 - [2024-08-25 22:40:49,971] : DEBUG -> ------------------------------------5°-----------------------------------------
66603 - [2024-08-25 22:40:58,035] : DEBUG -> Execution time for input 2500 (run 5): 8.063834 seconds
66603 - [2024-08-25 22:40:58,036] : DEBUG -> Counter for input 2500 (run 5): 5208330000
66603 - [2024-08-25 22:40:58,036] : DEBUG -> ------------------------------------------------------------------------------------

66603 - [2024-08-25 22:40:58,036] : DEBUG -> ------------------------------------6°-----------------------------------------
66603 - [2024-08-25 22:41:06,094] : DEBUG -> Execution time for input 2500 (run 6): 8.057918 seconds
66603 - [2024-08-25 22:41:06,094] : DEBUG -> Counter for input 2500 (run 6): 5208330000
66603 - [2024-08-25 22:41:06,094] : DEBUG -> ------------------------------------------------------------------------------------

66603 - [2024-08-25 22:41:06,094] : DEBUG -> XXXXXXXXXXXXXXXXXXXXXXXXXXXXX<<< Optimized Algorithm >>>XXXXXXXXXXXXXXXXXXXXXXXXXXXXXX
66603 - [2024-08-25 22:41:06,094] : DEBUG -> Running input: 2500 - Time 1 - Optimized Algorithm
66603 - [2024-08-25 22:41:06,094] : DEBUG -> ------------------------------------1°-----------------------------------------
66603 - [2024-08-25 22:41:06,101] : DEBUG -> Execution time for input 2500 (run 1): 0.005842 seconds
66603 - [2024-08-25 22:41:06,101] : DEBUG -> Counter for input 2500 (run 1): 5208330000
66603 - [2024-08-25 22:41:06,101] : DEBUG -> ------------------------------------------------------------------------------------

66603 - [2024-08-25 22:41:06,101] : DEBUG -> ------------------------------------2°-----------------------------------------
66603 - [2024-08-25 22:41:06,107] : DEBUG -> Execution time for input 2500 (run 2): 0.005862 seconds
66603 - [2024-08-25 22:41:06,107] : DEBUG -> Counter for input 2500 (run 2): 5208330000
66603 - [2024-08-25 22:41:06,107] : DEBUG -> ------------------------------------------------------------------------------------

66603 - [2024-08-25 22:41:06,107] : DEBUG -> ------------------------------------3°-----------------------------------------
66603 - [2024-08-25 22:41:06,114] : DEBUG -> Execution time for input 2500 (run 3): 0.005848 seconds
66603 - [2024-08-25 22:41:06,114] : DEBUG -> Counter for input 2500 (run 3): 5208330000
66603 - [2024-08-25 22:41:06,114] : DEBUG -> ------------------------------------------------------------------------------------

66603 - [2024-08-25 22:41:06,114] : DEBUG -> ------------------------------------4°-----------------------------------------
66603 - [2024-08-25 22:41:06,121] : DEBUG -> Execution time for input 2500 (run 4): 0.006248 seconds
66603 - [2024-08-25 22:41:06,121] : DEBUG -> Counter for input 2500 (run 4): 5208330000
66603 - [2024-08-25 22:41:06,121] : DEBUG -> ------------------------------------------------------------------------------------

66603 - [2024-08-25 22:41:06,121] : DEBUG -> ------------------------------------5°-----------------------------------------
66603 - [2024-08-25 22:41:06,130] : DEBUG -> Execution time for input 2500 (run 5): 0.009271 seconds
66603 - [2024-08-25 22:41:06,131] : DEBUG -> Counter for input 2500 (run 5): 5208330000
66603 - [2024-08-25 22:41:06,131] : DEBUG -> ------------------------------------------------------------------------------------

66603 - [2024-08-25 22:41:06,131] : DEBUG -> ------------------------------------6°-----------------------------------------
66603 - [2024-08-25 22:41:06,140] : DEBUG -> Execution time for input 2500 (run 6): 0.008513 seconds
66603 - [2024-08-25 22:41:06,140] : DEBUG -> Counter for input 2500 (run 6): 5208330000
66603 - [2024-08-25 22:41:06,140] : DEBUG -> ------------------------------------------------------------------------------------

66603 - [2024-08-25 22:41:06,140] : DEBUG -> ======================================INPUT: 3000==========================================
66603 - [2024-08-25 22:41:06,140] : DEBUG -> XXXXXXXXXXXXXXXXXXXXXXXXXXXXX<<< Original Algorithm >>>XXXXXXXXXXXXXXXXXXXXXXXXXXXXXX
66603 - [2024-08-25 22:41:06,140] : DEBUG -> Running input: 3000 - Time 1 - Original Algorithm
66603 - [2024-08-25 22:41:06,140] : DEBUG -> ------------------------------------1°-----------------------------------------
66603 - [2024-08-25 22:41:20,055] : DEBUG -> Execution time for input 3000 (run 1): 13.914467 seconds
66603 - [2024-08-25 22:41:20,055] : DEBUG -> Counter for input 3000 (run 1): 8999996000
66603 - [2024-08-25 22:41:20,055] : DEBUG -> ------------------------------------------------------------------------------------

66603 - [2024-08-25 22:41:20,055] : DEBUG -> ------------------------------------2°-----------------------------------------
66603 - [2024-08-25 22:41:33,965] : DEBUG -> Execution time for input 3000 (run 2): 13.909587 seconds
66603 - [2024-08-25 22:41:33,965] : DEBUG -> Counter for input 3000 (run 2): 8999996000
66603 - [2024-08-25 22:41:33,965] : DEBUG -> ------------------------------------------------------------------------------------

66603 - [2024-08-25 22:41:33,965] : DEBUG -> ------------------------------------3°-----------------------------------------
66603 - [2024-08-25 22:41:47,892] : DEBUG -> Execution time for input 3000 (run 3): 13.925986 seconds
66603 - [2024-08-25 22:41:47,892] : DEBUG -> Counter for input 3000 (run 3): 8999996000
66603 - [2024-08-25 22:41:47,892] : DEBUG -> ------------------------------------------------------------------------------------

66603 - [2024-08-25 22:41:47,892] : DEBUG -> ------------------------------------4°-----------------------------------------
66603 - [2024-08-25 22:42:01,858] : DEBUG -> Execution time for input 3000 (run 4): 13.962849 seconds
66603 - [2024-08-25 22:42:01,858] : DEBUG -> Counter for input 3000 (run 4): 8999996000
66603 - [2024-08-25 22:42:01,858] : DEBUG -> ------------------------------------------------------------------------------------

66603 - [2024-08-25 22:42:01,858] : DEBUG -> ------------------------------------5°-----------------------------------------
66603 - [2024-08-25 22:42:15,774] : DEBUG -> Execution time for input 3000 (run 5): 13.915847 seconds
66603 - [2024-08-25 22:42:15,775] : DEBUG -> Counter for input 3000 (run 5): 8999996000
66603 - [2024-08-25 22:42:15,775] : DEBUG -> ------------------------------------------------------------------------------------

66603 - [2024-08-25 22:42:15,775] : DEBUG -> ------------------------------------6°-----------------------------------------
66603 - [2024-08-25 22:42:29,685] : DEBUG -> Execution time for input 3000 (run 6): 13.909987 seconds
66603 - [2024-08-25 22:42:29,685] : DEBUG -> Counter for input 3000 (run 6): 8999996000
66603 - [2024-08-25 22:42:29,686] : DEBUG -> ------------------------------------------------------------------------------------

66603 - [2024-08-25 22:42:29,686] : DEBUG -> XXXXXXXXXXXXXXXXXXXXXXXXXXXXX<<< Optimized Algorithm >>>XXXXXXXXXXXXXXXXXXXXXXXXXXXXXX
66603 - [2024-08-25 22:42:29,686] : DEBUG -> Running input: 3000 - Time 1 - Optimized Algorithm
66603 - [2024-08-25 22:42:29,686] : DEBUG -> ------------------------------------1°-----------------------------------------
66603 - [2024-08-25 22:42:29,695] : DEBUG -> Execution time for input 3000 (run 1): 0.008473 seconds
66603 - [2024-08-25 22:42:29,695] : DEBUG -> Counter for input 3000 (run 1): 8999996000
66603 - [2024-08-25 22:42:29,695] : DEBUG -> ------------------------------------------------------------------------------------

66603 - [2024-08-25 22:42:29,695] : DEBUG -> ------------------------------------2°-----------------------------------------
66603 - [2024-08-25 22:42:29,704] : DEBUG -> Execution time for input 3000 (run 2): 0.008424 seconds
66603 - [2024-08-25 22:42:29,704] : DEBUG -> Counter for input 3000 (run 2): 8999996000
66603 - [2024-08-25 22:42:29,704] : DEBUG -> ------------------------------------------------------------------------------------

66603 - [2024-08-25 22:42:29,704] : DEBUG -> ------------------------------------3°-----------------------------------------
66603 - [2024-08-25 22:42:29,713] : DEBUG -> Execution time for input 3000 (run 3): 0.008417 seconds
66603 - [2024-08-25 22:42:29,713] : DEBUG -> Counter for input 3000 (run 3): 8999996000
66603 - [2024-08-25 22:42:29,713] : DEBUG -> ------------------------------------------------------------------------------------

66603 - [2024-08-25 22:42:29,713] : DEBUG -> ------------------------------------4°-----------------------------------------
66603 - [2024-08-25 22:42:29,722] : DEBUG -> Execution time for input 3000 (run 4): 0.008718 seconds
66603 - [2024-08-25 22:42:29,722] : DEBUG -> Counter for input 3000 (run 4): 8999996000
66603 - [2024-08-25 22:42:29,722] : DEBUG -> ------------------------------------------------------------------------------------

66603 - [2024-08-25 22:42:29,722] : DEBUG -> ------------------------------------5°-----------------------------------------
66603 - [2024-08-25 22:42:29,734] : DEBUG -> Execution time for input 3000 (run 5): 0.010982 seconds
66603 - [2024-08-25 22:42:29,734] : DEBUG -> Counter for input 3000 (run 5): 8999996000
66603 - [2024-08-25 22:42:29,734] : DEBUG -> ------------------------------------------------------------------------------------

66603 - [2024-08-25 22:42:29,734] : DEBUG -> ------------------------------------6°-----------------------------------------
66603 - [2024-08-25 22:42:29,744] : DEBUG -> Execution time for input 3000 (run 6): 0.009106 seconds
66603 - [2024-08-25 22:42:29,744] : DEBUG -> Counter for input 3000 (run 6): 8999996000
66603 - [2024-08-25 22:42:29,744] : DEBUG -> ------------------------------------------------------------------------------------

66603 - [2024-08-25 22:42:29,744] : DEBUG -> ======================================INPUT: 4000==========================================
66603 - [2024-08-25 22:42:29,744] : DEBUG -> XXXXXXXXXXXXXXXXXXXXXXXXXXXXX<<< Original Algorithm >>>XXXXXXXXXXXXXXXXXXXXXXXXXXXXXX
66603 - [2024-08-25 22:42:29,744] : DEBUG -> Running input: 4000 - Time 1 - Original Algorithm
66603 - [2024-08-25 22:42:29,744] : DEBUG -> ------------------------------------1°-----------------------------------------
66603 - [2024-08-25 22:43:02,824] : DEBUG -> Execution time for input 4000 (run 1): 33.075101 seconds
66603 - [2024-08-25 22:43:02,825] : DEBUG -> Counter for input 4000 (run 1): 21333328000
66603 - [2024-08-25 22:43:02,825] : DEBUG -> ------------------------------------------------------------------------------------

66603 - [2024-08-25 22:43:02,825] : DEBUG -> ------------------------------------2°-----------------------------------------
66603 - [2024-08-25 22:43:35,823] : DEBUG -> Execution time for input 4000 (run 2): 32.996358 seconds
66603 - [2024-08-25 22:43:35,823] : DEBUG -> Counter for input 4000 (run 2): 21333328000
66603 - [2024-08-25 22:43:35,823] : DEBUG -> ------------------------------------------------------------------------------------

66603 - [2024-08-25 22:43:35,823] : DEBUG -> ------------------------------------3°-----------------------------------------
66603 - [2024-08-25 22:44:08,885] : DEBUG -> Execution time for input 4000 (run 3): 33.053527 seconds
66603 - [2024-08-25 22:44:08,885] : DEBUG -> Counter for input 4000 (run 3): 21333328000
66603 - [2024-08-25 22:44:08,885] : DEBUG -> ------------------------------------------------------------------------------------

66603 - [2024-08-25 22:44:08,885] : DEBUG -> ------------------------------------4°-----------------------------------------
66603 - [2024-08-25 22:44:41,866] : DEBUG -> Execution time for input 4000 (run 4): 32.980103 seconds
66603 - [2024-08-25 22:44:41,867] : DEBUG -> Counter for input 4000 (run 4): 21333328000
66603 - [2024-08-25 22:44:41,867] : DEBUG -> ------------------------------------------------------------------------------------

66603 - [2024-08-25 22:44:41,867] : DEBUG -> ------------------------------------5°-----------------------------------------
66603 - [2024-08-25 22:45:14,842] : DEBUG -> Execution time for input 4000 (run 5): 32.974067 seconds
66603 - [2024-08-25 22:45:14,843] : DEBUG -> Counter for input 4000 (run 5): 21333328000
66603 - [2024-08-25 22:45:14,843] : DEBUG -> ------------------------------------------------------------------------------------

66603 - [2024-08-25 22:45:14,843] : DEBUG -> ------------------------------------6°-----------------------------------------
66603 - [2024-08-25 22:45:47,871] : DEBUG -> Execution time for input 4000 (run 6): 33.026762 seconds
66603 - [2024-08-25 22:45:47,871] : DEBUG -> Counter for input 4000 (run 6): 21333328000
66603 - [2024-08-25 22:45:47,871] : DEBUG -> ------------------------------------------------------------------------------------

66603 - [2024-08-25 22:45:47,871] : DEBUG -> XXXXXXXXXXXXXXXXXXXXXXXXXXXXX<<< Optimized Algorithm >>>XXXXXXXXXXXXXXXXXXXXXXXXXXXXXX
66603 - [2024-08-25 22:45:47,871] : DEBUG -> Running input: 4000 - Time 1 - Optimized Algorithm
66603 - [2024-08-25 22:45:47,871] : DEBUG -> ------------------------------------1°-----------------------------------------
66603 - [2024-08-25 22:45:47,887] : DEBUG -> Execution time for input 4000 (run 1): 0.014942 seconds
66603 - [2024-08-25 22:45:47,887] : DEBUG -> Counter for input 4000 (run 1): 21333328000
66603 - [2024-08-25 22:45:47,887] : DEBUG -> ------------------------------------------------------------------------------------

66603 - [2024-08-25 22:45:47,887] : DEBUG -> ------------------------------------2°-----------------------------------------
66603 - [2024-08-25 22:45:47,903] : DEBUG -> Execution time for input 4000 (run 2): 0.0151 seconds
66603 - [2024-08-25 22:45:47,903] : DEBUG -> Counter for input 4000 (run 2): 21333328000
66603 - [2024-08-25 22:45:47,903] : DEBUG -> ------------------------------------------------------------------------------------

66603 - [2024-08-25 22:45:47,903] : DEBUG -> ------------------------------------3°-----------------------------------------
66603 - [2024-08-25 22:45:47,918] : DEBUG -> Execution time for input 4000 (run 3): 0.015071 seconds
66603 - [2024-08-25 22:45:47,918] : DEBUG -> Counter for input 4000 (run 3): 21333328000
66603 - [2024-08-25 22:45:47,918] : DEBUG -> ------------------------------------------------------------------------------------

66603 - [2024-08-25 22:45:47,918] : DEBUG -> ------------------------------------4°-----------------------------------------
66603 - [2024-08-25 22:45:47,934] : DEBUG -> Execution time for input 4000 (run 4): 0.014947 seconds
66603 - [2024-08-25 22:45:47,934] : DEBUG -> Counter for input 4000 (run 4): 21333328000
66603 - [2024-08-25 22:45:47,934] : DEBUG -> ------------------------------------------------------------------------------------

66603 - [2024-08-25 22:45:47,934] : DEBUG -> ------------------------------------5°-----------------------------------------
66603 - [2024-08-25 22:45:47,949] : DEBUG -> Execution time for input 4000 (run 5): 0.015078 seconds
66603 - [2024-08-25 22:45:47,950] : DEBUG -> Counter for input 4000 (run 5): 21333328000
66603 - [2024-08-25 22:45:47,950] : DEBUG -> ------------------------------------------------------------------------------------

66603 - [2024-08-25 22:45:47,950] : DEBUG -> ------------------------------------6°-----------------------------------------
66603 - [2024-08-25 22:45:47,965] : DEBUG -> Execution time for input 4000 (run 6): 0.015034 seconds
66603 - [2024-08-25 22:45:47,965] : DEBUG -> Counter for input 4000 (run 6): 21333328000
66603 - [2024-08-25 22:45:47,965] : DEBUG -> ------------------------------------------------------------------------------------

66603 - [2024-08-25 22:45:47,965] : DEBUG -> ======================================INPUT: 5000==========================================
66603 - [2024-08-25 22:45:47,965] : DEBUG -> XXXXXXXXXXXXXXXXXXXXXXXXXXXXX<<< Original Algorithm >>>XXXXXXXXXXXXXXXXXXXXXXXXXXXXXX
66603 - [2024-08-25 22:45:47,965] : DEBUG -> Running input: 5000 - Time 1 - Original Algorithm
66603 - [2024-08-25 22:45:47,965] : DEBUG -> ------------------------------------1°-----------------------------------------
66603 - [2024-08-25 22:46:52,357] : DEBUG -> Execution time for input 5000 (run 1): 64.389009 seconds
66603 - [2024-08-25 22:46:52,357] : DEBUG -> Counter for input 5000 (run 1): 41666660000
66603 - [2024-08-25 22:46:52,357] : DEBUG -> ------------------------------------------------------------------------------------

66603 - [2024-08-25 22:46:52,357] : DEBUG -> ------------------------------------2°-----------------------------------------
66603 - [2024-08-25 22:47:56,761] : DEBUG -> Execution time for input 5000 (run 2): 64.402629 seconds
66603 - [2024-08-25 22:47:56,761] : DEBUG -> Counter for input 5000 (run 2): 41666660000
66603 - [2024-08-25 22:47:56,761] : DEBUG -> ------------------------------------------------------------------------------------

66603 - [2024-08-25 22:47:56,761] : DEBUG -> ------------------------------------3°-----------------------------------------
66603 - [2024-08-25 22:49:01,194] : DEBUG -> Execution time for input 5000 (run 3): 64.430178 seconds
66603 - [2024-08-25 22:49:01,194] : DEBUG -> Counter for input 5000 (run 3): 41666660000
66603 - [2024-08-25 22:49:01,194] : DEBUG -> ------------------------------------------------------------------------------------

66603 - [2024-08-25 22:49:01,194] : DEBUG -> ------------------------------------4°-----------------------------------------
66603 - [2024-08-25 22:50:05,816] : DEBUG -> Execution time for input 5000 (run 4): 64.60661 seconds
66603 - [2024-08-25 22:50:05,816] : DEBUG -> Counter for input 5000 (run 4): 41666660000
66603 - [2024-08-25 22:50:05,816] : DEBUG -> ------------------------------------------------------------------------------------

66603 - [2024-08-25 22:50:05,816] : DEBUG -> ------------------------------------5°-----------------------------------------
66603 - [2024-08-25 22:51:10,236] : DEBUG -> Execution time for input 5000 (run 5): 64.41862 seconds
66603 - [2024-08-25 22:51:10,237] : DEBUG -> Counter for input 5000 (run 5): 41666660000
66603 - [2024-08-25 22:51:10,237] : DEBUG -> ------------------------------------------------------------------------------------

66603 - [2024-08-25 22:51:10,237] : DEBUG -> ------------------------------------6°-----------------------------------------
66603 - [2024-08-25 22:52:14,644] : DEBUG -> Execution time for input 5000 (run 6): 64.406277 seconds
66603 - [2024-08-25 22:52:14,645] : DEBUG -> Counter for input 5000 (run 6): 41666660000
66603 - [2024-08-25 22:52:14,645] : DEBUG -> ------------------------------------------------------------------------------------

66603 - [2024-08-25 22:52:14,645] : DEBUG -> XXXXXXXXXXXXXXXXXXXXXXXXXXXXX<<< Optimized Algorithm >>>XXXXXXXXXXXXXXXXXXXXXXXXXXXXXX
66603 - [2024-08-25 22:52:14,645] : DEBUG -> Running input: 5000 - Time 1 - Optimized Algorithm
66603 - [2024-08-25 22:52:14,645] : DEBUG -> ------------------------------------1°-----------------------------------------
66603 - [2024-08-25 22:52:14,669] : DEBUG -> Execution time for input 5000 (run 1): 0.023307 seconds
66603 - [2024-08-25 22:52:14,669] : DEBUG -> Counter for input 5000 (run 1): 41666660000
66603 - [2024-08-25 22:52:14,669] : DEBUG -> ------------------------------------------------------------------------------------

66603 - [2024-08-25 22:52:14,669] : DEBUG -> ------------------------------------2°-----------------------------------------
66603 - [2024-08-25 22:52:14,693] : DEBUG -> Execution time for input 5000 (run 2): 0.023322 seconds
66603 - [2024-08-25 22:52:14,693] : DEBUG -> Counter for input 5000 (run 2): 41666660000
66603 - [2024-08-25 22:52:14,693] : DEBUG -> ------------------------------------------------------------------------------------

66603 - [2024-08-25 22:52:14,693] : DEBUG -> ------------------------------------3°-----------------------------------------
66603 - [2024-08-25 22:52:14,716] : DEBUG -> Execution time for input 5000 (run 3): 0.023334 seconds
66603 - [2024-08-25 22:52:14,716] : DEBUG -> Counter for input 5000 (run 3): 41666660000
66603 - [2024-08-25 22:52:14,716] : DEBUG -> ------------------------------------------------------------------------------------

66603 - [2024-08-25 22:52:14,717] : DEBUG -> ------------------------------------4°-----------------------------------------
66603 - [2024-08-25 22:52:14,741] : DEBUG -> Execution time for input 5000 (run 4): 0.023543 seconds
66603 - [2024-08-25 22:52:14,741] : DEBUG -> Counter for input 5000 (run 4): 41666660000
66603 - [2024-08-25 22:52:14,741] : DEBUG -> ------------------------------------------------------------------------------------

66603 - [2024-08-25 22:52:14,741] : DEBUG -> ------------------------------------5°-----------------------------------------
66603 - [2024-08-25 22:52:14,765] : DEBUG -> Execution time for input 5000 (run 5): 0.023338 seconds
66603 - [2024-08-25 22:52:14,765] : DEBUG -> Counter for input 5000 (run 5): 41666660000
66603 - [2024-08-25 22:52:14,765] : DEBUG -> ------------------------------------------------------------------------------------

66603 - [2024-08-25 22:52:14,765] : DEBUG -> ------------------------------------6°-----------------------------------------
66603 - [2024-08-25 22:52:14,788] : DEBUG -> Execution time for input 5000 (run 6): 0.023323 seconds
66603 - [2024-08-25 22:52:14,788] : DEBUG -> Counter for input 5000 (run 6): 41666660000
66603 - [2024-08-25 22:52:14,788] : DEBUG -> ------------------------------------------------------------------------------------

66603 - [2024-08-25 22:52:14,788] : DEBUG -> ======================================INPUT: 6000==========================================
66603 - [2024-08-25 22:52:14,789] : DEBUG -> XXXXXXXXXXXXXXXXXXXXXXXXXXXXX<<< Original Algorithm >>>XXXXXXXXXXXXXXXXXXXXXXXXXXXXXX
66603 - [2024-08-25 22:52:14,789] : DEBUG -> Running input: 6000 - Time 1 - Original Algorithm
66603 - [2024-08-25 22:52:14,789] : DEBUG -> ------------------------------------1°-----------------------------------------
66603 - [2024-08-25 22:54:06,080] : DEBUG -> Execution time for input 6000 (run 1): 111.289344 seconds
66603 - [2024-08-25 22:54:06,080] : DEBUG -> Counter for input 6000 (run 1): 71999992000
66603 - [2024-08-25 22:54:06,080] : DEBUG -> ------------------------------------------------------------------------------------

66603 - [2024-08-25 22:54:06,080] : DEBUG -> ------------------------------------2°-----------------------------------------
66603 - [2024-08-25 22:55:57,374] : DEBUG -> Execution time for input 6000 (run 2): 111.292026 seconds
66603 - [2024-08-25 22:55:57,374] : DEBUG -> Counter for input 6000 (run 2): 71999992000
66603 - [2024-08-25 22:55:57,374] : DEBUG -> ------------------------------------------------------------------------------------

66603 - [2024-08-25 22:55:57,374] : DEBUG -> ------------------------------------3°-----------------------------------------
66603 - [2024-08-25 22:57:48,674] : DEBUG -> Execution time for input 6000 (run 3): 111.298244 seconds
66603 - [2024-08-25 22:57:48,674] : DEBUG -> Counter for input 6000 (run 3): 71999992000
66603 - [2024-08-25 22:57:48,674] : DEBUG -> ------------------------------------------------------------------------------------

66603 - [2024-08-25 22:57:48,674] : DEBUG -> ------------------------------------4°-----------------------------------------
66603 - [2024-08-25 22:59:39,961] : DEBUG -> Execution time for input 6000 (run 4): 111.284506 seconds
66603 - [2024-08-25 22:59:39,961] : DEBUG -> Counter for input 6000 (run 4): 71999992000
66603 - [2024-08-25 22:59:39,961] : DEBUG -> ------------------------------------------------------------------------------------

66603 - [2024-08-25 22:59:39,961] : DEBUG -> ------------------------------------5°-----------------------------------------
66603 - [2024-08-25 23:01:31,252] : DEBUG -> Execution time for input 6000 (run 5): 111.289729 seconds
66603 - [2024-08-25 23:01:31,252] : DEBUG -> Counter for input 6000 (run 5): 71999992000
66603 - [2024-08-25 23:01:31,252] : DEBUG -> ------------------------------------------------------------------------------------

66603 - [2024-08-25 23:01:31,252] : DEBUG -> ------------------------------------6°-----------------------------------------
66603 - [2024-08-25 23:03:22,556] : DEBUG -> Execution time for input 6000 (run 6): 111.301124 seconds
66603 - [2024-08-25 23:03:22,556] : DEBUG -> Counter for input 6000 (run 6): 71999992000
66603 - [2024-08-25 23:03:22,556] : DEBUG -> ------------------------------------------------------------------------------------

66603 - [2024-08-25 23:03:22,556] : DEBUG -> XXXXXXXXXXXXXXXXXXXXXXXXXXXXX<<< Optimized Algorithm >>>XXXXXXXXXXXXXXXXXXXXXXXXXXXXXX
66603 - [2024-08-25 23:03:22,556] : DEBUG -> Running input: 6000 - Time 1 - Optimized Algorithm
66603 - [2024-08-25 23:03:22,557] : DEBUG -> ------------------------------------1°-----------------------------------------
66603 - [2024-08-25 23:03:22,591] : DEBUG -> Execution time for input 6000 (run 1): 0.033616 seconds
66603 - [2024-08-25 23:03:22,591] : DEBUG -> Counter for input 6000 (run 1): 71999992000
66603 - [2024-08-25 23:03:22,591] : DEBUG -> ------------------------------------------------------------------------------------

66603 - [2024-08-25 23:03:22,591] : DEBUG -> ------------------------------------2°-----------------------------------------
66603 - [2024-08-25 23:03:22,625] : DEBUG -> Execution time for input 6000 (run 2): 0.033693 seconds
66603 - [2024-08-25 23:03:22,625] : DEBUG -> Counter for input 6000 (run 2): 71999992000
66603 - [2024-08-25 23:03:22,625] : DEBUG -> ------------------------------------------------------------------------------------

66603 - [2024-08-25 23:03:22,625] : DEBUG -> ------------------------------------3°-----------------------------------------
66603 - [2024-08-25 23:03:22,660] : DEBUG -> Execution time for input 6000 (run 3): 0.033769 seconds
66603 - [2024-08-25 23:03:22,660] : DEBUG -> Counter for input 6000 (run 3): 71999992000
66603 - [2024-08-25 23:03:22,660] : DEBUG -> ------------------------------------------------------------------------------------

66603 - [2024-08-25 23:03:22,660] : DEBUG -> ------------------------------------4°-----------------------------------------
66603 - [2024-08-25 23:03:22,694] : DEBUG -> Execution time for input 6000 (run 4): 0.033663 seconds
66603 - [2024-08-25 23:03:22,694] : DEBUG -> Counter for input 6000 (run 4): 71999992000
66603 - [2024-08-25 23:03:22,694] : DEBUG -> ------------------------------------------------------------------------------------

66603 - [2024-08-25 23:03:22,694] : DEBUG -> ------------------------------------5°-----------------------------------------
66603 - [2024-08-25 23:03:22,728] : DEBUG -> Execution time for input 6000 (run 5): 0.033645 seconds
66603 - [2024-08-25 23:03:22,729] : DEBUG -> Counter for input 6000 (run 5): 71999992000
66603 - [2024-08-25 23:03:22,729] : DEBUG -> ------------------------------------------------------------------------------------

66603 - [2024-08-25 23:03:22,729] : DEBUG -> ------------------------------------6°-----------------------------------------
66603 - [2024-08-25 23:03:22,763] : DEBUG -> Execution time for input 6000 (run 6): 0.03361 seconds
66603 - [2024-08-25 23:03:22,763] : DEBUG -> Counter for input 6000 (run 6): 71999992000
66603 - [2024-08-25 23:03:22,763] : DEBUG -> ------------------------------------------------------------------------------------

66603 - [2024-08-25 23:03:22,763] : DEBUG -> ======================================INPUT: 7000==========================================
66603 - [2024-08-25 23:03:22,763] : DEBUG -> XXXXXXXXXXXXXXXXXXXXXXXXXXXXX<<< Original Algorithm >>>XXXXXXXXXXXXXXXXXXXXXXXXXXXXXX
66603 - [2024-08-25 23:03:22,763] : DEBUG -> Running input: 7000 - Time 1 - Original Algorithm
66603 - [2024-08-25 23:03:22,763] : DEBUG -> ------------------------------------1°-----------------------------------------
66603 - [2024-08-25 23:06:19,715] : DEBUG -> Execution time for input 7000 (run 1): 176.934245 seconds
66603 - [2024-08-25 23:06:19,715] : DEBUG -> Counter for input 7000 (run 1): 114333324000
66603 - [2024-08-25 23:06:19,715] : DEBUG -> ------------------------------------------------------------------------------------

66603 - [2024-08-25 23:06:19,715] : DEBUG -> ------------------------------------2°-----------------------------------------
66603 - [2024-08-25 23:09:16,373] : DEBUG -> Execution time for input 7000 (run 2): 176.656276 seconds
66603 - [2024-08-25 23:09:16,373] : DEBUG -> Counter for input 7000 (run 2): 114333324000
66603 - [2024-08-25 23:09:16,373] : DEBUG -> ------------------------------------------------------------------------------------

66603 - [2024-08-25 23:09:16,373] : DEBUG -> ------------------------------------3°-----------------------------------------
66603 - [2024-08-25 23:12:16,138] : DEBUG -> Execution time for input 7000 (run 3): 179.670888 seconds
66603 - [2024-08-25 23:12:16,138] : DEBUG -> Counter for input 7000 (run 3): 114333324000
66603 - [2024-08-25 23:12:16,138] : DEBUG -> ------------------------------------------------------------------------------------

66603 - [2024-08-25 23:12:16,138] : DEBUG -> ------------------------------------4°-----------------------------------------
66603 - [2024-08-25 23:15:13,224] : DEBUG -> Execution time for input 7000 (run 4): 177.055191 seconds
66603 - [2024-08-25 23:15:13,224] : DEBUG -> Counter for input 7000 (run 4): 114333324000
66603 - [2024-08-25 23:15:13,224] : DEBUG -> ------------------------------------------------------------------------------------

66603 - [2024-08-25 23:15:13,224] : DEBUG -> ------------------------------------5°-----------------------------------------
66603 - [2024-08-25 23:18:10,031] : DEBUG -> Execution time for input 7000 (run 5): 176.810082 seconds
66603 - [2024-08-25 23:18:10,031] : DEBUG -> Counter for input 7000 (run 5): 114333324000
66603 - [2024-08-25 23:18:10,031] : DEBUG -> ------------------------------------------------------------------------------------

66603 - [2024-08-25 23:18:10,031] : DEBUG -> ------------------------------------6°-----------------------------------------
66603 - [2024-08-25 23:21:06,768] : DEBUG -> Execution time for input 7000 (run 6): 176.738835 seconds
66603 - [2024-08-25 23:21:06,769] : DEBUG -> Counter for input 7000 (run 6): 114333324000
66603 - [2024-08-25 23:21:06,769] : DEBUG -> ------------------------------------------------------------------------------------

66603 - [2024-08-25 23:21:06,769] : DEBUG -> XXXXXXXXXXXXXXXXXXXXXXXXXXXXX<<< Optimized Algorithm >>>XXXXXXXXXXXXXXXXXXXXXXXXXXXXXX
66603 - [2024-08-25 23:21:06,769] : DEBUG -> Running input: 7000 - Time 1 - Optimized Algorithm
66603 - [2024-08-25 23:21:06,769] : DEBUG -> ------------------------------------1°-----------------------------------------
66603 - [2024-08-25 23:21:06,815] : DEBUG -> Execution time for input 7000 (run 1): 0.045655 seconds
66603 - [2024-08-25 23:21:06,815] : DEBUG -> Counter for input 7000 (run 1): 114333324000
66603 - [2024-08-25 23:21:06,815] : DEBUG -> ------------------------------------------------------------------------------------

66603 - [2024-08-25 23:21:06,815] : DEBUG -> ------------------------------------2°-----------------------------------------
66603 - [2024-08-25 23:21:06,863] : DEBUG -> Execution time for input 7000 (run 2): 0.047333 seconds
66603 - [2024-08-25 23:21:06,863] : DEBUG -> Counter for input 7000 (run 2): 114333324000
66603 - [2024-08-25 23:21:06,863] : DEBUG -> ------------------------------------------------------------------------------------

66603 - [2024-08-25 23:21:06,863] : DEBUG -> ------------------------------------3°-----------------------------------------
66603 - [2024-08-25 23:21:06,911] : DEBUG -> Execution time for input 7000 (run 3): 0.04699 seconds
66603 - [2024-08-25 23:21:06,911] : DEBUG -> Counter for input 7000 (run 3): 114333324000
66603 - [2024-08-25 23:21:06,911] : DEBUG -> ------------------------------------------------------------------------------------

66603 - [2024-08-25 23:21:06,911] : DEBUG -> ------------------------------------4°-----------------------------------------
66603 - [2024-08-25 23:21:06,958] : DEBUG -> Execution time for input 7000 (run 4): 0.045728 seconds
66603 - [2024-08-25 23:21:06,958] : DEBUG -> Counter for input 7000 (run 4): 114333324000
66603 - [2024-08-25 23:21:06,958] : DEBUG -> ------------------------------------------------------------------------------------

66603 - [2024-08-25 23:21:06,958] : DEBUG -> ------------------------------------5°-----------------------------------------
66603 - [2024-08-25 23:21:07,004] : DEBUG -> Execution time for input 7000 (run 5): 0.04569 seconds
66603 - [2024-08-25 23:21:07,004] : DEBUG -> Counter for input 7000 (run 5): 114333324000
66603 - [2024-08-25 23:21:07,004] : DEBUG -> ------------------------------------------------------------------------------------

66603 - [2024-08-25 23:21:07,004] : DEBUG -> ------------------------------------6°-----------------------------------------
66603 - [2024-08-25 23:21:07,050] : DEBUG -> Execution time for input 7000 (run 6): 0.045753 seconds
66603 - [2024-08-25 23:21:07,050] : DEBUG -> Counter for input 7000 (run 6): 114333324000
66603 - [2024-08-25 23:21:07,050] : DEBUG -> ------------------------------------------------------------------------------------

66603 - [2024-08-25 23:21:07,051] : DEBUG -> ======================================INPUT: 8000==========================================
66603 - [2024-08-25 23:21:07,051] : DEBUG -> XXXXXXXXXXXXXXXXXXXXXXXXXXXXX<<< Original Algorithm >>>XXXXXXXXXXXXXXXXXXXXXXXXXXXXXX
66603 - [2024-08-25 23:21:07,051] : DEBUG -> Running input: 8000 - Time 1 - Original Algorithm
66603 - [2024-08-25 23:21:07,051] : DEBUG -> ------------------------------------1°-----------------------------------------
66603 - [2024-08-25 23:25:30,561] : DEBUG -> Execution time for input 8000 (run 1): 263.52006 seconds
66603 - [2024-08-25 23:25:30,561] : DEBUG -> Counter for input 8000 (run 1): 170666656000
66603 - [2024-08-25 23:25:30,561] : DEBUG -> ------------------------------------------------------------------------------------

66603 - [2024-08-25 23:25:30,561] : DEBUG -> ------------------------------------2°-----------------------------------------
66603 - [2024-08-25 23:29:54,594] : DEBUG -> Execution time for input 8000 (run 2): 264.039238 seconds
66603 - [2024-08-25 23:29:54,594] : DEBUG -> Counter for input 8000 (run 2): 170666656000
66603 - [2024-08-25 23:29:54,594] : DEBUG -> ------------------------------------------------------------------------------------

66603 - [2024-08-25 23:29:54,594] : DEBUG -> ------------------------------------3°-----------------------------------------
66603 - [2024-08-25 23:34:18,240] : DEBUG -> Execution time for input 8000 (run 3): 263.650245 seconds
66603 - [2024-08-25 23:34:18,240] : DEBUG -> Counter for input 8000 (run 3): 170666656000
66603 - [2024-08-25 23:34:18,240] : DEBUG -> ------------------------------------------------------------------------------------

66603 - [2024-08-25 23:34:18,240] : DEBUG -> ------------------------------------4°-----------------------------------------
66603 - [2024-08-25 23:38:41,999] : DEBUG -> Execution time for input 8000 (run 4): 263.762516 seconds
66603 - [2024-08-25 23:38:41,999] : DEBUG -> Counter for input 8000 (run 4): 170666656000
66603 - [2024-08-25 23:38:41,999] : DEBUG -> ------------------------------------------------------------------------------------

66603 - [2024-08-25 23:38:41,999] : DEBUG -> ------------------------------------5°-----------------------------------------
66603 - [2024-08-25 23:43:05,496] : DEBUG -> Execution time for input 8000 (run 5): 263.498279 seconds
66603 - [2024-08-25 23:43:05,496] : DEBUG -> Counter for input 8000 (run 5): 170666656000
66603 - [2024-08-25 23:43:05,496] : DEBUG -> ------------------------------------------------------------------------------------

66603 - [2024-08-25 23:43:05,496] : DEBUG -> ------------------------------------6°-----------------------------------------
66603 - [2024-08-25 23:47:31,000] : DEBUG -> Execution time for input 8000 (run 6): 265.453041 seconds
66603 - [2024-08-25 23:47:31,000] : DEBUG -> Counter for input 8000 (run 6): 170666656000
66603 - [2024-08-25 23:47:31,000] : DEBUG -> ------------------------------------------------------------------------------------

66603 - [2024-08-25 23:47:31,000] : DEBUG -> XXXXXXXXXXXXXXXXXXXXXXXXXXXXX<<< Optimized Algorithm >>>XXXXXXXXXXXXXXXXXXXXXXXXXXXXXX
66603 - [2024-08-25 23:47:31,000] : DEBUG -> Running input: 8000 - Time 1 - Optimized Algorithm
66603 - [2024-08-25 23:47:31,000] : DEBUG -> ------------------------------------1°-----------------------------------------
66603 - [2024-08-25 23:47:31,061] : DEBUG -> Execution time for input 8000 (run 1): 0.059693 seconds
66603 - [2024-08-25 23:47:31,061] : DEBUG -> Counter for input 8000 (run 1): 170666656000
66603 - [2024-08-25 23:47:31,061] : DEBUG -> ------------------------------------------------------------------------------------

66603 - [2024-08-25 23:47:31,061] : DEBUG -> ------------------------------------2°-----------------------------------------
66603 - [2024-08-25 23:47:31,125] : DEBUG -> Execution time for input 8000 (run 2): 0.062831 seconds
66603 - [2024-08-25 23:47:31,125] : DEBUG -> Counter for input 8000 (run 2): 170666656000
66603 - [2024-08-25 23:47:31,125] : DEBUG -> ------------------------------------------------------------------------------------

66603 - [2024-08-25 23:47:31,125] : DEBUG -> ------------------------------------3°-----------------------------------------
66603 - [2024-08-25 23:47:31,188] : DEBUG -> Execution time for input 8000 (run 3): 0.062361 seconds
66603 - [2024-08-25 23:47:31,188] : DEBUG -> Counter for input 8000 (run 3): 170666656000
66603 - [2024-08-25 23:47:31,188] : DEBUG -> ------------------------------------------------------------------------------------

66603 - [2024-08-25 23:47:31,188] : DEBUG -> ------------------------------------4°-----------------------------------------
66603 - [2024-08-25 23:47:31,251] : DEBUG -> Execution time for input 8000 (run 4): 0.061951 seconds
66603 - [2024-08-25 23:47:31,251] : DEBUG -> Counter for input 8000 (run 4): 170666656000
66603 - [2024-08-25 23:47:31,251] : DEBUG -> ------------------------------------------------------------------------------------

66603 - [2024-08-25 23:47:31,251] : DEBUG -> ------------------------------------5°-----------------------------------------
66603 - [2024-08-25 23:47:31,311] : DEBUG -> Execution time for input 8000 (run 5): 0.059686 seconds
66603 - [2024-08-25 23:47:31,311] : DEBUG -> Counter for input 8000 (run 5): 170666656000
66603 - [2024-08-25 23:47:31,311] : DEBUG -> ------------------------------------------------------------------------------------

66603 - [2024-08-25 23:47:31,311] : DEBUG -> ------------------------------------6°-----------------------------------------
66603 - [2024-08-25 23:47:31,373] : DEBUG -> Execution time for input 8000 (run 6): 0.061555 seconds
66603 - [2024-08-25 23:47:31,373] : DEBUG -> Counter for input 8000 (run 6): 170666656000
66603 - [2024-08-25 23:47:31,373] : DEBUG -> ------------------------------------------------------------------------------------

66603 - [2024-08-25 23:47:31,373] : DEBUG -> ======================================INPUT: 9000==========================================
66603 - [2024-08-25 23:47:31,373] : DEBUG -> XXXXXXXXXXXXXXXXXXXXXXXXXXXXX<<< Original Algorithm >>>XXXXXXXXXXXXXXXXXXXXXXXXXXXXXX
66603 - [2024-08-25 23:47:31,373] : DEBUG -> Running input: 9000 - Time 1 - Original Algorithm
66603 - [2024-08-25 23:47:31,373] : DEBUG -> ------------------------------------1°-----------------------------------------
66603 - [2024-08-25 23:53:46,628] : DEBUG -> Execution time for input 9000 (run 1): 375.245227 seconds
66603 - [2024-08-25 23:53:46,628] : DEBUG -> Counter for input 9000 (run 1): 242999988000
66603 - [2024-08-25 23:53:46,628] : DEBUG -> ------------------------------------------------------------------------------------

66603 - [2024-08-25 23:53:46,628] : DEBUG -> ------------------------------------2°-----------------------------------------
66603 - [2024-08-26 00:00:01,960] : DEBUG -> Execution time for input 9000 (run 2): 375.316221 seconds
66603 - [2024-08-26 00:00:01,960] : DEBUG -> Counter for input 9000 (run 2): 242999988000
66603 - [2024-08-26 00:00:01,960] : DEBUG -> ------------------------------------------------------------------------------------

66603 - [2024-08-26 00:00:01,960] : DEBUG -> ------------------------------------3°-----------------------------------------
66603 - [2024-08-26 00:06:17,419] : DEBUG -> Execution time for input 9000 (run 3): 375.447307 seconds
66603 - [2024-08-26 00:06:17,419] : DEBUG -> Counter for input 9000 (run 3): 242999988000
66603 - [2024-08-26 00:06:17,419] : DEBUG -> ------------------------------------------------------------------------------------

66603 - [2024-08-26 00:06:17,420] : DEBUG -> ------------------------------------4°-----------------------------------------
66603 - [2024-08-26 00:12:34,626] : DEBUG -> Execution time for input 9000 (run 4): 377.135553 seconds
66603 - [2024-08-26 00:12:34,626] : DEBUG -> Counter for input 9000 (run 4): 242999988000
66603 - [2024-08-26 00:12:34,626] : DEBUG -> ------------------------------------------------------------------------------------

66603 - [2024-08-26 00:12:34,626] : DEBUG -> ------------------------------------5°-----------------------------------------
66603 - [2024-08-26 00:18:51,040] : DEBUG -> Execution time for input 9000 (run 5): 376.382859 seconds
66603 - [2024-08-26 00:18:51,040] : DEBUG -> Counter for input 9000 (run 5): 242999988000
66603 - [2024-08-26 00:18:51,040] : DEBUG -> ------------------------------------------------------------------------------------

66603 - [2024-08-26 00:18:51,040] : DEBUG -> ------------------------------------6°-----------------------------------------
66603 - [2024-08-26 00:25:07,231] : DEBUG -> Execution time for input 9000 (run 6): 376.182292 seconds
66603 - [2024-08-26 00:25:07,232] : DEBUG -> Counter for input 9000 (run 6): 242999988000
66603 - [2024-08-26 00:25:07,232] : DEBUG -> ------------------------------------------------------------------------------------

66603 - [2024-08-26 00:25:07,232] : DEBUG -> XXXXXXXXXXXXXXXXXXXXXXXXXXXXX<<< Optimized Algorithm >>>XXXXXXXXXXXXXXXXXXXXXXXXXXXXXX
66603 - [2024-08-26 00:25:07,232] : DEBUG -> Running input: 9000 - Time 1 - Optimized Algorithm
66603 - [2024-08-26 00:25:07,232] : DEBUG -> ------------------------------------1°-----------------------------------------
66603 - [2024-08-26 00:25:07,308] : DEBUG -> Execution time for input 9000 (run 1): 0.075558 seconds
66603 - [2024-08-26 00:25:07,308] : DEBUG -> Counter for input 9000 (run 1): 242999988000
66603 - [2024-08-26 00:25:07,308] : DEBUG -> ------------------------------------------------------------------------------------

66603 - [2024-08-26 00:25:07,308] : DEBUG -> ------------------------------------2°-----------------------------------------
66603 - [2024-08-26 00:25:07,386] : DEBUG -> Execution time for input 9000 (run 2): 0.076935 seconds
66603 - [2024-08-26 00:25:07,386] : DEBUG -> Counter for input 9000 (run 2): 242999988000
66603 - [2024-08-26 00:25:07,386] : DEBUG -> ------------------------------------------------------------------------------------

66603 - [2024-08-26 00:25:07,386] : DEBUG -> ------------------------------------3°-----------------------------------------
66603 - [2024-08-26 00:25:07,462] : DEBUG -> Execution time for input 9000 (run 3): 0.076096 seconds
66603 - [2024-08-26 00:25:07,463] : DEBUG -> Counter for input 9000 (run 3): 242999988000
66603 - [2024-08-26 00:25:07,463] : DEBUG -> ------------------------------------------------------------------------------------

66603 - [2024-08-26 00:25:07,463] : DEBUG -> ------------------------------------4°-----------------------------------------
66603 - [2024-08-26 00:25:07,539] : DEBUG -> Execution time for input 9000 (run 4): 0.075998 seconds
66603 - [2024-08-26 00:25:07,539] : DEBUG -> Counter for input 9000 (run 4): 242999988000
66603 - [2024-08-26 00:25:07,539] : DEBUG -> ------------------------------------------------------------------------------------

66603 - [2024-08-26 00:25:07,539] : DEBUG -> ------------------------------------5°-----------------------------------------
66603 - [2024-08-26 00:25:07,620] : DEBUG -> Execution time for input 9000 (run 5): 0.080463 seconds
66603 - [2024-08-26 00:25:07,621] : DEBUG -> Counter for input 9000 (run 5): 242999988000
66603 - [2024-08-26 00:25:07,621] : DEBUG -> ------------------------------------------------------------------------------------

66603 - [2024-08-26 00:25:07,621] : DEBUG -> ------------------------------------6°-----------------------------------------
66603 - [2024-08-26 00:25:07,698] : DEBUG -> Execution time for input 9000 (run 6): 0.076678 seconds
66603 - [2024-08-26 00:25:07,698] : DEBUG -> Counter for input 9000 (run 6): 242999988000
66603 - [2024-08-26 00:25:07,698] : DEBUG -> ------------------------------------------------------------------------------------

66603 - [2024-08-26 00:25:07,698] : DEBUG -> ======================================INPUT: 10000==========================================
66603 - [2024-08-26 00:25:07,698] : DEBUG -> XXXXXXXXXXXXXXXXXXXXXXXXXXXXX<<< Original Algorithm >>>XXXXXXXXXXXXXXXXXXXXXXXXXXXXXX
66603 - [2024-08-26 00:25:07,698] : DEBUG -> Running input: 10000 - Time 1 - Original Algorithm
66603 - [2024-08-26 00:25:07,698] : DEBUG -> ------------------------------------1°-----------------------------------------
66603 - [2024-08-26 00:33:43,375] : DEBUG -> Execution time for input 10000 (run 1): 515.683426 seconds
66603 - [2024-08-26 00:33:43,375] : DEBUG -> Counter for input 10000 (run 1): 333333320000
66603 - [2024-08-26 00:33:43,375] : DEBUG -> ------------------------------------------------------------------------------------

66603 - [2024-08-26 00:33:43,375] : DEBUG -> ------------------------------------2°-----------------------------------------
66603 - [2024-08-26 00:42:18,881] : DEBUG -> Execution time for input 10000 (run 2): 515.508026 seconds
66603 - [2024-08-26 00:42:18,881] : DEBUG -> Counter for input 10000 (run 2): 333333320000
66603 - [2024-08-26 00:42:18,881] : DEBUG -> ------------------------------------------------------------------------------------

66603 - [2024-08-26 00:42:18,881] : DEBUG -> ------------------------------------3°-----------------------------------------
66603 - [2024-08-26 00:50:56,287] : DEBUG -> Execution time for input 10000 (run 3): 517.352048 seconds
66603 - [2024-08-26 00:50:56,287] : DEBUG -> Counter for input 10000 (run 3): 333333320000
66603 - [2024-08-26 00:50:56,287] : DEBUG -> ------------------------------------------------------------------------------------

66603 - [2024-08-26 00:50:56,287] : DEBUG -> ------------------------------------4°-----------------------------------------
66603 - [2024-08-26 00:59:31,842] : DEBUG -> Execution time for input 10000 (run 4): 515.551002 seconds
66603 - [2024-08-26 00:59:31,842] : DEBUG -> Counter for input 10000 (run 4): 333333320000
66603 - [2024-08-26 00:59:31,842] : DEBUG -> ------------------------------------------------------------------------------------

66603 - [2024-08-26 00:59:31,842] : DEBUG -> ------------------------------------5°-----------------------------------------
66603 - [2024-08-26 01:08:08,657] : DEBUG -> Execution time for input 10000 (run 5): 516.712208 seconds
66603 - [2024-08-26 01:08:08,657] : DEBUG -> Counter for input 10000 (run 5): 333333320000
66603 - [2024-08-26 01:08:08,657] : DEBUG -> ------------------------------------------------------------------------------------

66603 - [2024-08-26 01:08:08,657] : DEBUG -> ------------------------------------6°-----------------------------------------
66603 - [2024-08-26 01:16:44,082] : DEBUG -> Execution time for input 10000 (run 6): 515.404744 seconds
66603 - [2024-08-26 01:16:44,082] : DEBUG -> Counter for input 10000 (run 6): 333333320000
66603 - [2024-08-26 01:16:44,082] : DEBUG -> ------------------------------------------------------------------------------------

66603 - [2024-08-26 01:16:44,082] : DEBUG -> XXXXXXXXXXXXXXXXXXXXXXXXXXXXX<<< Optimized Algorithm >>>XXXXXXXXXXXXXXXXXXXXXXXXXXXXXX
66603 - [2024-08-26 01:16:44,082] : DEBUG -> Running input: 10000 - Time 1 - Optimized Algorithm
66603 - [2024-08-26 01:16:44,082] : DEBUG -> ------------------------------------1°-----------------------------------------
66603 - [2024-08-26 01:16:44,177] : DEBUG -> Execution time for input 10000 (run 1): 0.09363 seconds
66603 - [2024-08-26 01:16:44,177] : DEBUG -> Counter for input 10000 (run 1): 333333320000
66603 - [2024-08-26 01:16:44,177] : DEBUG -> ------------------------------------------------------------------------------------

66603 - [2024-08-26 01:16:44,177] : DEBUG -> ------------------------------------2°-----------------------------------------
66603 - [2024-08-26 01:16:44,270] : DEBUG -> Execution time for input 10000 (run 2): 0.093139 seconds
66603 - [2024-08-26 01:16:44,271] : DEBUG -> Counter for input 10000 (run 2): 333333320000
66603 - [2024-08-26 01:16:44,271] : DEBUG -> ------------------------------------------------------------------------------------

66603 - [2024-08-26 01:16:44,271] : DEBUG -> ------------------------------------3°-----------------------------------------
66603 - [2024-08-26 01:16:44,365] : DEBUG -> Execution time for input 10000 (run 3): 0.093615 seconds
66603 - [2024-08-26 01:16:44,365] : DEBUG -> Counter for input 10000 (run 3): 333333320000
66603 - [2024-08-26 01:16:44,365] : DEBUG -> ------------------------------------------------------------------------------------

66603 - [2024-08-26 01:16:44,365] : DEBUG -> ------------------------------------4°-----------------------------------------
66603 - [2024-08-26 01:16:44,467] : DEBUG -> Execution time for input 10000 (run 4): 0.101262 seconds
66603 - [2024-08-26 01:16:44,467] : DEBUG -> Counter for input 10000 (run 4): 333333320000
66603 - [2024-08-26 01:16:44,467] : DEBUG -> ------------------------------------------------------------------------------------

66603 - [2024-08-26 01:16:44,467] : DEBUG -> ------------------------------------5°-----------------------------------------
66603 - [2024-08-26 01:16:44,562] : DEBUG -> Execution time for input 10000 (run 5): 0.093786 seconds
66603 - [2024-08-26 01:16:44,562] : DEBUG -> Counter for input 10000 (run 5): 333333320000
66603 - [2024-08-26 01:16:44,562] : DEBUG -> ------------------------------------------------------------------------------------

66603 - [2024-08-26 01:16:44,562] : DEBUG -> ------------------------------------6°-----------------------------------------
66603 - [2024-08-26 01:16:44,656] : DEBUG -> Execution time for input 10000 (run 6): 0.093917 seconds
66603 - [2024-08-26 01:16:44,656] : DEBUG -> Counter for input 10000 (run 6): 333333320000
66603 - [2024-08-26 01:16:44,656] : DEBUG -> ------------------------------------------------------------------------------------

66603 - [2024-08-26 01:16:44,656] : DEBUG -> ======================================INPUT: 11000==========================================
66603 - [2024-08-26 01:16:44,656] : DEBUG -> XXXXXXXXXXXXXXXXXXXXXXXXXXXXX<<< Original Algorithm >>>XXXXXXXXXXXXXXXXXXXXXXXXXXXXXX
66603 - [2024-08-26 01:16:44,656] : DEBUG -> Running input: 11000 - Time 1 - Original Algorithm
66603 - [2024-08-26 01:16:44,656] : DEBUG -> ------------------------------------1°-----------------------------------------
66603 - [2024-08-26 01:28:10,347] : DEBUG -> Execution time for input 11000 (run 1): 685.646167 seconds
66603 - [2024-08-26 01:28:10,347] : DEBUG -> Counter for input 11000 (run 1): 443666652000
66603 - [2024-08-26 01:28:10,347] : DEBUG -> ------------------------------------------------------------------------------------

66603 - [2024-08-26 01:28:10,347] : DEBUG -> ------------------------------------2°-----------------------------------------
66603 - [2024-08-26 01:39:34,914] : DEBUG -> Execution time for input 11000 (run 2): 684.571397 seconds
66603 - [2024-08-26 01:39:34,914] : DEBUG -> Counter for input 11000 (run 2): 443666652000
66603 - [2024-08-26 01:39:34,914] : DEBUG -> ------------------------------------------------------------------------------------

66603 - [2024-08-26 01:39:34,914] : DEBUG -> ------------------------------------3°-----------------------------------------
66603 - [2024-08-26 01:51:01,161] : DEBUG -> Execution time for input 11000 (run 3): 686.161445 seconds
66603 - [2024-08-26 01:51:01,161] : DEBUG -> Counter for input 11000 (run 3): 443666652000
66603 - [2024-08-26 01:51:01,161] : DEBUG -> ------------------------------------------------------------------------------------

66603 - [2024-08-26 01:51:01,161] : DEBUG -> ------------------------------------4°-----------------------------------------
66603 - [2024-08-26 02:02:25,638] : DEBUG -> Execution time for input 11000 (run 4): 684.476791 seconds
66603 - [2024-08-26 02:02:25,638] : DEBUG -> Counter for input 11000 (run 4): 443666652000
66603 - [2024-08-26 02:02:25,638] : DEBUG -> ------------------------------------------------------------------------------------

66603 - [2024-08-26 02:02:25,638] : DEBUG -> ------------------------------------5°-----------------------------------------
66603 - [2024-08-26 02:13:50,088] : DEBUG -> Execution time for input 11000 (run 5): 684.448807 seconds
66603 - [2024-08-26 02:13:50,088] : DEBUG -> Counter for input 11000 (run 5): 443666652000
66603 - [2024-08-26 02:13:50,088] : DEBUG -> ------------------------------------------------------------------------------------

66603 - [2024-08-26 02:13:50,088] : DEBUG -> ------------------------------------6°-----------------------------------------
66603 - [2024-08-26 02:25:18,324] : DEBUG -> Execution time for input 11000 (run 6): 688.230507 seconds
66603 - [2024-08-26 02:25:18,324] : DEBUG -> Counter for input 11000 (run 6): 443666652000
66603 - [2024-08-26 02:25:18,324] : DEBUG -> ------------------------------------------------------------------------------------

66603 - [2024-08-26 02:25:18,324] : DEBUG -> XXXXXXXXXXXXXXXXXXXXXXXXXXXXX<<< Optimized Algorithm >>>XXXXXXXXXXXXXXXXXXXXXXXXXXXXXX
66603 - [2024-08-26 02:25:18,324] : DEBUG -> Running input: 11000 - Time 1 - Optimized Algorithm
66603 - [2024-08-26 02:25:18,324] : DEBUG -> ------------------------------------1°-----------------------------------------
66603 - [2024-08-26 02:25:18,438] : DEBUG -> Execution time for input 11000 (run 1): 0.113185 seconds
66603 - [2024-08-26 02:25:18,438] : DEBUG -> Counter for input 11000 (run 1): 443666652000
66603 - [2024-08-26 02:25:18,438] : DEBUG -> ------------------------------------------------------------------------------------

66603 - [2024-08-26 02:25:18,438] : DEBUG -> ------------------------------------2°-----------------------------------------
66603 - [2024-08-26 02:25:18,551] : DEBUG -> Execution time for input 11000 (run 2): 0.112618 seconds
66603 - [2024-08-26 02:25:18,551] : DEBUG -> Counter for input 11000 (run 2): 443666652000
66603 - [2024-08-26 02:25:18,551] : DEBUG -> ------------------------------------------------------------------------------------

66603 - [2024-08-26 02:25:18,551] : DEBUG -> ------------------------------------3°-----------------------------------------
66603 - [2024-08-26 02:25:18,665] : DEBUG -> Execution time for input 11000 (run 3): 0.113543 seconds
66603 - [2024-08-26 02:25:18,666] : DEBUG -> Counter for input 11000 (run 3): 443666652000
66603 - [2024-08-26 02:25:18,666] : DEBUG -> ------------------------------------------------------------------------------------

66603 - [2024-08-26 02:25:18,666] : DEBUG -> ------------------------------------4°-----------------------------------------
66603 - [2024-08-26 02:25:18,780] : DEBUG -> Execution time for input 11000 (run 4): 0.113407 seconds
66603 - [2024-08-26 02:25:18,780] : DEBUG -> Counter for input 11000 (run 4): 443666652000
66603 - [2024-08-26 02:25:18,780] : DEBUG -> ------------------------------------------------------------------------------------

66603 - [2024-08-26 02:25:18,780] : DEBUG -> ------------------------------------5°-----------------------------------------
66603 - [2024-08-26 02:25:18,895] : DEBUG -> Execution time for input 11000 (run 5): 0.114533 seconds
66603 - [2024-08-26 02:25:18,895] : DEBUG -> Counter for input 11000 (run 5): 443666652000
66603 - [2024-08-26 02:25:18,895] : DEBUG -> ------------------------------------------------------------------------------------

66603 - [2024-08-26 02:25:18,895] : DEBUG -> ------------------------------------6°-----------------------------------------
66603 - [2024-08-26 02:25:19,009] : DEBUG -> Execution time for input 11000 (run 6): 0.113117 seconds
66603 - [2024-08-26 02:25:19,009] : DEBUG -> Counter for input 11000 (run 6): 443666652000
66603 - [2024-08-26 02:25:19,009] : DEBUG -> ------------------------------------------------------------------------------------

66603 - [2024-08-26 02:25:19,009] : DEBUG -> ======================================INPUT: 12000==========================================
66603 - [2024-08-26 02:25:19,009] : DEBUG -> XXXXXXXXXXXXXXXXXXXXXXXXXXXXX<<< Original Algorithm >>>XXXXXXXXXXXXXXXXXXXXXXXXXXXXXX
66603 - [2024-08-26 02:25:19,009] : DEBUG -> Running input: 12000 - Time 1 - Original Algorithm
66603 - [2024-08-26 02:25:19,009] : DEBUG -> ------------------------------------1°-----------------------------------------
66603 - [2024-08-26 02:40:10,809] : DEBUG -> Execution time for input 12000 (run 1): 891.759008 seconds
66603 - [2024-08-26 02:40:10,809] : DEBUG -> Counter for input 12000 (run 1): 575999984000
66603 - [2024-08-26 02:40:10,809] : DEBUG -> ------------------------------------------------------------------------------------

66603 - [2024-08-26 02:40:10,810] : DEBUG -> ------------------------------------2°-----------------------------------------
66603 - [2024-08-26 02:55:01,148] : DEBUG -> Execution time for input 12000 (run 2): 890.374962 seconds
66603 - [2024-08-26 02:55:01,148] : DEBUG -> Counter for input 12000 (run 2): 575999984000
66603 - [2024-08-26 02:55:01,148] : DEBUG -> ------------------------------------------------------------------------------------

66603 - [2024-08-26 02:55:01,148] : DEBUG -> ------------------------------------3°-----------------------------------------
66603 - [2024-08-26 03:09:51,128] : DEBUG -> Execution time for input 12000 (run 3): 889.994625 seconds
66603 - [2024-08-26 03:09:51,128] : DEBUG -> Counter for input 12000 (run 3): 575999984000
66603 - [2024-08-26 03:09:51,128] : DEBUG -> ------------------------------------------------------------------------------------

66603 - [2024-08-26 03:09:51,128] : DEBUG -> ------------------------------------4°-----------------------------------------
66603 - [2024-08-26 03:24:42,139] : DEBUG -> Execution time for input 12000 (run 4): 890.987086 seconds
66603 - [2024-08-26 03:24:42,139] : DEBUG -> Counter for input 12000 (run 4): 575999984000
66603 - [2024-08-26 03:24:42,139] : DEBUG -> ------------------------------------------------------------------------------------

66603 - [2024-08-26 03:24:42,139] : DEBUG -> ------------------------------------5°-----------------------------------------
66603 - [2024-08-26 03:39:32,386] : DEBUG -> Execution time for input 12000 (run 5): 890.230114 seconds
66603 - [2024-08-26 03:39:32,386] : DEBUG -> Counter for input 12000 (run 5): 575999984000
66603 - [2024-08-26 03:39:32,386] : DEBUG -> ------------------------------------------------------------------------------------

66603 - [2024-08-26 03:39:32,386] : DEBUG -> ------------------------------------6°-----------------------------------------
66603 - [2024-08-26 03:54:22,292] : DEBUG -> Execution time for input 12000 (run 6): 889.89702 seconds
66603 - [2024-08-26 03:54:22,292] : DEBUG -> Counter for input 12000 (run 6): 575999984000
66603 - [2024-08-26 03:54:22,292] : DEBUG -> ------------------------------------------------------------------------------------

66603 - [2024-08-26 03:54:22,292] : DEBUG -> XXXXXXXXXXXXXXXXXXXXXXXXXXXXX<<< Optimized Algorithm >>>XXXXXXXXXXXXXXXXXXXXXXXXXXXXXX
66603 - [2024-08-26 03:54:22,292] : DEBUG -> Running input: 12000 - Time 1 - Optimized Algorithm
66603 - [2024-08-26 03:54:22,292] : DEBUG -> ------------------------------------1°-----------------------------------------
66603 - [2024-08-26 03:54:22,428] : DEBUG -> Execution time for input 12000 (run 1): 0.134621 seconds
66603 - [2024-08-26 03:54:22,428] : DEBUG -> Counter for input 12000 (run 1): 575999984000
66603 - [2024-08-26 03:54:22,428] : DEBUG -> ------------------------------------------------------------------------------------

66603 - [2024-08-26 03:54:22,428] : DEBUG -> ------------------------------------2°-----------------------------------------
66603 - [2024-08-26 03:54:22,563] : DEBUG -> Execution time for input 12000 (run 2): 0.134703 seconds
66603 - [2024-08-26 03:54:22,563] : DEBUG -> Counter for input 12000 (run 2): 575999984000
66603 - [2024-08-26 03:54:22,563] : DEBUG -> ------------------------------------------------------------------------------------

66603 - [2024-08-26 03:54:22,563] : DEBUG -> ------------------------------------3°-----------------------------------------
66603 - [2024-08-26 03:54:22,699] : DEBUG -> Execution time for input 12000 (run 3): 0.134678 seconds
66603 - [2024-08-26 03:54:22,699] : DEBUG -> Counter for input 12000 (run 3): 575999984000
66603 - [2024-08-26 03:54:22,699] : DEBUG -> ------------------------------------------------------------------------------------

66603 - [2024-08-26 03:54:22,699] : DEBUG -> ------------------------------------4°-----------------------------------------
66603 - [2024-08-26 03:54:22,834] : DEBUG -> Execution time for input 12000 (run 4): 0.134416 seconds
66603 - [2024-08-26 03:54:22,834] : DEBUG -> Counter for input 12000 (run 4): 575999984000
66603 - [2024-08-26 03:54:22,834] : DEBUG -> ------------------------------------------------------------------------------------

66603 - [2024-08-26 03:54:22,834] : DEBUG -> ------------------------------------5°-----------------------------------------
66603 - [2024-08-26 03:54:22,969] : DEBUG -> Execution time for input 12000 (run 5): 0.134583 seconds
66603 - [2024-08-26 03:54:22,969] : DEBUG -> Counter for input 12000 (run 5): 575999984000
66603 - [2024-08-26 03:54:22,969] : DEBUG -> ------------------------------------------------------------------------------------

66603 - [2024-08-26 03:54:22,969] : DEBUG -> ------------------------------------6°-----------------------------------------
66603 - [2024-08-26 03:54:23,105] : DEBUG -> Execution time for input 12000 (run 6): 0.134528 seconds
66603 - [2024-08-26 03:54:23,105] : DEBUG -> Counter for input 12000 (run 6): 575999984000
66603 - [2024-08-26 03:54:23,105] : DEBUG -> ------------------------------------------------------------------------------------

